<?xml version="1.0" encoding="UTF-8"?>
<testsuite xmlns:xsi="http://www.w3.org/2001/XMLSchema-instance" xsi:noNamespaceSchemaLocation="https://maven.apache.org/surefire/maven-surefire-plugin/xsd/surefire-test-report.xsd" name="dev.sugaroflead.AppTest" time="0.025" tests="5" errors="0" skipped="0" failures="0">
  <properties>
[...]
</properties>
  <testcase name="testCase1" classname="dev.sugaroflead.AppTest" time="0.002"/>
  <testcase name="testCase2" classname="dev.sugaroflead.AppTest" time="0"/>
  <testcase name="testCase3" classname="dev.sugaroflead.AppTest" time="0"/>
  <testcase name="testCase4" classname="dev.sugaroflead.AppTest" time="0"/>
  <testcase name="testCase5" classname="dev.sugaroflead.AppTest" time="0"/>
</testsuite>